<?xml version="1.0" encoding="UTF-8"?>
<!-- Generated by org.testng.reporters.JUnitXMLReporter -->
<testsuite ignored="0" hostname="DESKTOP-MG7K6R3" failures="1" tests="1" name="User Registration Test" time="9.892" errors="0" timestamp="2026-03-10T12:33:00 IST">
  <testcase classname="tests.RegisterTest" name="userRegistrationAndLoginTest" time="2.745">
    <failure type="java.lang.AssertionError" message="Registration failed! expected [true] but found [false]">
      <![CDATA[java.lang.AssertionError: Registration failed! expected [true] but found [false]
at tests.RegisterTest.userRegistrationAndLoginTest(RegisterTest.java:38)
at java.base/java.util.ArrayList.forEach(ArrayList.java:1596)
... Removed 28 stack frames]]>
    </failure>
  </testcase> <!-- userRegistrationAndLoginTest -->
</testsuite> <!-- User Registration Test -->
